<?xml version="1.0" encoding="UTF-8"?>
<!-- Generated by org.testng.reporters.JUnitReportReporter -->
<testsuite skipped="0" hostname="ip-172-31-87-16" name="test.LoginTest" tests="2" failures="0" timestamp="2021-11-08T05:55:20 UTC" time="3.137" errors="0">
  <testcase name="PositiveLogin" time="1.677" classname="test.LoginTest"/>
  <system-out/>
  <testcase name="NegativeLogin" time="1.460" classname="test.LoginTest"/>
  <system-out/>
</testsuite> <!-- test.LoginTest -->
